Build started 25/09/2013 21:22:58.
     1>Project "C:\Users\gleidson\Dropbox\Material Chien2D\Projetos. Pong\Pong\Pong.vcxproj" on node 2 (build target(s)).
     1>InitializeBuildStatus:
         Creating "Debug\Pong.unsuccessfulbuild" because "AlwaysCreate" was specified.
       ClCompile:
         C:\Program Files\Microsoft Visual Studio 10.0\VC\bin\CL.exe /c /I"C:\Users\gleidson\Dropbox\Material Chien2D\Projetos. Pong\Pong\/../chien2d2/include" /I"C:\Users\gleidson\Dropbox\Material Chien2D\Projetos. Pong\Pong\/../Dependencias/lua/include" /I"C:\Users\gleidson\Dropbox\Material Chien2D\Projetos. Pong\Pong\/../Dependencias/SDL/include" /I"C:\Users\gleidson\Dropbox\Material Chien2D\Projetos. Pong\Pong\/../Dependencias/SDL_image/include" /I"C:\Users\gleidson\Dropbox\Material Chien2D\Projetos. Pong\Pong\/../Dependencias/SDL_mixer/include" /ZI /nologo /W3 /WX- /Od /Oy- /D WIN32 /D _DEBUG /D _CONSOLE /D _UNICODE /D UNICODE /Gm /EHsc /RTC1 /MDd /GS /fp:precise /Zc:wchar_t /Zc:forScope /Fo"Debug\\" /Fd"Debug\vc100.pdb" /Gd /TP /analyze- /errorReport:prompt Main.cpp
         Main.cpp
     1>c:\users\gleidson\dropbox\material chien2d\projetos. pong\pong\main.cpp(131): warning C4996: 'itoa': The POSIX name for this item is deprecated. Instead, use the ISO C++ conformant name: _itoa. See online help for details.
                 c:\program files\microsoft visual studio 10.0\vc\include\stdlib.h(867) : see declaration of 'itoa'
     1>c:\users\gleidson\dropbox\material chien2d\projetos. pong\pong\main.cpp(133): warning C4996: 'itoa': The POSIX name for this item is deprecated. Instead, use the ISO C++ conformant name: _itoa. See online help for details.
                 c:\program files\microsoft visual studio 10.0\vc\include\stdlib.h(867) : see declaration of 'itoa'
       ManifestResourceCompile:
         C:\Program Files\Microsoft SDKs\Windows\v7.0A\bin\rc.exe /nologo /fo"Debug\Pong.exe.embed.manifest.res" Debug\Pong_manifest.rc 
       Link:
         C:\Program Files\Microsoft Visual Studio 10.0\VC\bin\link.exe /ERRORREPORT:PROMPT /OUT:"C:\Users\gleidson\Dropbox\Material Chien2D\Projetos. Pong\Debug\Pong.exe" /INCREMENTAL /NOLOGO /LIBPATH:"C:\Users\gleidson\Dropbox\Material Chien2D\Projetos. Pong\Pong\/../chien2d2/lib" /LIBPATH:"C:\Users\gleidson\Dropbox\Material Chien2D\Projetos. Pong\Pong\/../Dependencias/lua" /LIBPATH:"C:\Users\gleidson\Dropbox\Material Chien2D\Projetos. Pong\Pong\/../Dependencias/SDL/lib" /LIBPATH:"C:\Users\gleidson\Dropbox\Material Chien2D\Projetos. Pong\Pong\/../Dependencias/SDL_image/lib" /LIBPATH:"C:\Users\gleidson\Dropbox\Material Chien2D\Projetos. Pong\Pong\/../Dependencias/SDL_mixer/lib" c2d2d.lib c2d2luad.lib ca2d.lib catord.lib cm2d.lib lua5.1.lib lua51.lib SDL.lib SDLmain.lib SDL_image.lib SDL_mixer.lib opengl32.lib kernel32.lib user32.lib gdi32.lib winspool.lib comdlg32.lib advapi32.lib shell32.lib ole32.lib oleaut32.lib uuid.lib odbc32.lib odbccp32.lib /MANIFEST /ManifestFile:"Debug\Pong.exe.intermediate.manifest" /MANIFESTUAC:"level='asInvoker' uiAccess='false'" /DEBUG /PDB:"C:\Users\gleidson\Dropbox\Material Chien2D\Projetos. Pong\Debug\Pong.pdb" /SUBSYSTEM:CONSOLE /TLBID:1 /DYNAMICBASE /NXCOMPAT /IMPLIB:"C:\Users\gleidson\Dropbox\Material Chien2D\Projetos. Pong\Debug\Pong.lib" /MACHINE:X86 Debug\Pong.exe.embed.manifest.res
         Debug\Main.obj
     1>LINK : warning LNK4098: defaultlib 'MSVCRT' conflicts with use of other libs; use /NODEFAULTLIB:library
     1>c2d2d.lib(chien2d2.obj) : warning LNK4099: PDB 'vc100.pdb' was not found with 'c2d2d.lib(chien2d2.obj)' or at 'C:\Users\gleidson\Dropbox\Material Chien2D\Projetos. Pong\Debug\vc100.pdb'; linking object as if no debug info
     1>c2d2d.lib(chien2d2_gl.obj) : warning LNK4099: PDB 'vc100.pdb' was not found with 'c2d2d.lib(chien2d2_gl.obj)' or at 'C:\Users\gleidson\Dropbox\Material Chien2D\Projetos. Pong\Debug\vc100.pdb'; linking object as if no debug info
     1>c2d2d.lib(chien2d2_sdl.obj) : warning LNK4099: PDB 'vc100.pdb' was not found with 'c2d2d.lib(chien2d2_sdl.obj)' or at 'C:\Users\gleidson\Dropbox\Material Chien2D\Projetos. Pong\Debug\vc100.pdb'; linking object as if no debug info
     1>ca2d.lib(chienaudio2.obj) : warning LNK4099: PDB 'vc100.pdb' was not found with 'ca2d.lib(chienaudio2.obj)' or at 'C:\Users\gleidson\Dropbox\Material Chien2D\Projetos. Pong\Debug\vc100.pdb'; linking object as if no debug info
       Manifest:
         Deleting file "Debug\Pong.exe.embed.manifest".
         C:\Program Files\Microsoft SDKs\Windows\v7.0A\bin\mt.exe /nologo /verbose /out:"Debug\Pong.exe.embed.manifest" /manifest Debug\Pong.exe.intermediate.manifest
         C:\Program Files\Microsoft SDKs\Windows\v7.0A\bin\rc.exe /nologo /fo"Debug\Pong.exe.embed.manifest.res" Debug\Pong_manifest.rc 
       LinkEmbedManifest:
         C:\Program Files\Microsoft Visual Studio 10.0\VC\bin\link.exe /ERRORREPORT:PROMPT /OUT:"C:\Users\gleidson\Dropbox\Material Chien2D\Projetos. Pong\Debug\Pong.exe" /INCREMENTAL /NOLOGO /LIBPATH:"C:\Users\gleidson\Dropbox\Material Chien2D\Projetos. Pong\Pong\/../chien2d2/lib" /LIBPATH:"C:\Users\gleidson\Dropbox\Material Chien2D\Projetos. Pong\Pong\/../Dependencias/lua" /LIBPATH:"C:\Users\gleidson\Dropbox\Material Chien2D\Projetos. Pong\Pong\/../Dependencias/SDL/lib" /LIBPATH:"C:\Users\gleidson\Dropbox\Material Chien2D\Projetos. Pong\Pong\/../Dependencias/SDL_image/lib" /LIBPATH:"C:\Users\gleidson\Dropbox\Material Chien2D\Projetos. Pong\Pong\/../Dependencias/SDL_mixer/lib" c2d2d.lib c2d2luad.lib ca2d.lib catord.lib cm2d.lib lua5.1.lib lua51.lib SDL.lib SDLmain.lib SDL_image.lib SDL_mixer.lib opengl32.lib kernel32.lib user32.lib gdi32.lib winspool.lib comdlg32.lib advapi32.lib shell32.lib ole32.lib oleaut32.lib uuid.lib odbc32.lib odbccp32.lib /MANIFEST /ManifestFile:"Debug\Pong.exe.intermediate.manifest" /MANIFESTUAC:"level='asInvoker' uiAccess='false'" /DEBUG /PDB:"C:\Users\gleidson\Dropbox\Material Chien2D\Projetos. Pong\Debug\Pong.pdb" /SUBSYSTEM:CONSOLE /TLBID:1 /DYNAMICBASE /NXCOMPAT /IMPLIB:"C:\Users\gleidson\Dropbox\Material Chien2D\Projetos. Pong\Debug\Pong.lib" /MACHINE:X86 Debug\Pong.exe.embed.manifest.res
         Debug\Main.obj
     1>LINK : warning LNK4098: defaultlib 'MSVCRT' conflicts with use of other libs; use /NODEFAULTLIB:library
     1>c2d2d.lib(chien2d2.obj) : warning LNK4099: PDB 'vc100.pdb' was not found with 'c2d2d.lib(chien2d2.obj)' or at 'C:\Users\gleidson\Dropbox\Material Chien2D\Projetos. Pong\Debug\vc100.pdb'; linking object as if no debug info
     1>c2d2d.lib(chien2d2_gl.obj) : warning LNK4099: PDB 'vc100.pdb' was not found with 'c2d2d.lib(chien2d2_gl.obj)' or at 'C:\Users\gleidson\Dropbox\Material Chien2D\Projetos. Pong\Debug\vc100.pdb'; linking object as if no debug info
     1>c2d2d.lib(chien2d2_sdl.obj) : warning LNK4099: PDB 'vc100.pdb' was not found with 'c2d2d.lib(chien2d2_sdl.obj)' or at 'C:\Users\gleidson\Dropbox\Material Chien2D\Projetos. Pong\Debug\vc100.pdb'; linking object as if no debug info
     1>ca2d.lib(chienaudio2.obj) : warning LNK4099: PDB 'vc100.pdb' was not found with 'ca2d.lib(chienaudio2.obj)' or at 'C:\Users\gleidson\Dropbox\Material Chien2D\Projetos. Pong\Debug\vc100.pdb'; linking object as if no debug info
         Pong.vcxproj -> C:\Users\gleidson\Dropbox\Material Chien2D\Projetos. Pong\Debug\Pong.exe
       FinalizeBuildStatus:
         Deleting file "Debug\Pong.unsuccessfulbuild".
         Touching "Debug\Pong.lastbuildstate".
     1>Done Building Project "C:\Users\gleidson\Dropbox\Material Chien2D\Projetos. Pong\Pong\Pong.vcxproj" (build target(s)).

Build succeeded.

Time Elapsed 00:00:12.66
